<?xml version="1.0" encoding="UTF-8"?>
<testsuite name="Academy Choucair" tests="1" skipped="0" failures="0" errors="0" timestamp="2021-02-22T18:53:52" hostname="DESKTOP-D4K75HQ" time="21.822">
  <properties/>
  <testcase name="Search for a automation course" classname="Academy Choucair" time="21.822"/>
  <system-out><![CDATA[]]></system-out>
  <system-err><![CDATA[[Test worker] WARN net.thucydides.core.steps.BaseStepListener - stepStarted: net.thucydides.core.steps.ExecutedStepDescription@7c633ed6
[Test worker] WARN net.thucydides.core.steps.BaseStepListener - stepStarted: net.thucydides.core.steps.ExecutedStepDescription@2d6ff74
[Test worker] WARN net.thucydides.core.steps.BaseStepListener - stepStarted: net.thucydides.core.steps.ExecutedStepDescription@1da7a93f
feb 22, 2021 1:53:52 PM org.openqa.selenium.remote.DesiredCapabilities chrome
INFORMACIÓN: Using `new ChromeOptions()` is preferred to `DesiredCapabilities.chrome()`
[Test worker] INFO net.serenitybdd.core.webdriver.driverproviders.ProvideNewDriver - Instantiating driver
[Test worker] INFO net.serenitybdd.core.webdriver.driverproviders.ProvideNewDriver - Driver capabilities: Capabilities {acceptInsecureCerts: false, browserName: chrome, chrome.switches: --start-maximized, goog:chromeOptions: {args: [--start-maximized], extensions: []}, loggingPrefs: org.openqa.selenium.logging..., platform: ANY, version: }
Starting ChromeDriver 88.0.4324.96 (68dba2d8a0b149a1d3afac56fa74648032bcf46b-refs/branch-heads/4324@{#1784}) on port 4540
Only local connections are allowed.
Please see https://chromedriver.chromium.org/security-considerations for suggestions on keeping ChromeDriver safe.
ChromeDriver was started successfully.
feb 22, 2021 1:53:54 PM org.openqa.selenium.remote.ProtocolHandshake createSession
INFORMACIÓN: Detected dialect: W3C
[Test worker] WARN net.thucydides.core.steps.BaseStepListener - stepFinished: current outcome:Search for a automation course:Given than brandon wants to learn automation at the Academy Choucair
| strUser | strPassword |
| 1020833396 | Choucair2021* | [Brandon open up [Brandon opens the Choucair academy page]]
[Test worker] WARN net.thucydides.core.steps.BaseStepListener - stepFinished: current outcome:Search for a automation course:Given than brandon wants to learn automation at the Academy Choucair
| strUser | strPassword |
| 1020833396 | Choucair2021* | [Brandon open up [Brandon opens the Choucair academy page]]
[Test worker] WARN net.thucydides.core.steps.BaseStepListener - stepStarted: net.thucydides.core.steps.ExecutedStepDescription@166b1b6d
[Test worker] WARN net.thucydides.core.steps.BaseStepListener - stepStarted: net.thucydides.core.steps.ExecutedStepDescription@17f5c2a9
[Test worker] WARN net.thucydides.core.steps.BaseStepListener - stepFinished: current outcome:Search for a automation course:Given than brandon wants to learn automation at the Academy Choucair
| strUser | strPassword |
| 1020833396 | Choucair2021* | [Brandon open up [Brandon opens the Choucair academy page], Brandon login [Brandon clicks on button that show us the form to login]]
[Test worker] WARN net.thucydides.core.steps.BaseStepListener - stepStarted: net.thucydides.core.steps.ExecutedStepDescription@fa77e4c
[Test worker] WARN net.thucydides.core.steps.BaseStepListener - stepFinished: current outcome:Search for a automation course:Given than brandon wants to learn automation at the Academy Choucair
| strUser | strPassword |
| 1020833396 | Choucair2021* | [Brandon open up [Brandon opens the Choucair academy page], Brandon login [Brandon clicks on button that show us the form to login, Brandon enters '1020833396' into where do we write the user]]
[Test worker] WARN net.thucydides.core.steps.BaseStepListener - stepStarted: net.thucydides.core.steps.ExecutedStepDescription@aa9b440
[Test worker] WARN net.thucydides.core.steps.BaseStepListener - stepFinished: current outcome:Search for a automation course:Given than brandon wants to learn automation at the Academy Choucair
| strUser | strPassword |
| 1020833396 | Choucair2021* | [Brandon open up [Brandon opens the Choucair academy page], Brandon login [Brandon clicks on button that show us the form to login, Brandon enters '1020833396' into where do we write the user, Brandon enters 'Choucair2021*' into where do we write the password]]
[Test worker] WARN net.thucydides.core.steps.BaseStepListener - stepStarted: net.thucydides.core.steps.ExecutedStepDescription@7b22de3d
[Test worker] WARN net.thucydides.core.steps.BaseStepListener - stepFinished: current outcome:Search for a automation course:Given than brandon wants to learn automation at the Academy Choucair
| strUser | strPassword |
| 1020833396 | Choucair2021* | [Brandon open up [Brandon opens the Choucair academy page], Brandon login [Brandon clicks on button that show us the form to login, Brandon enters '1020833396' into where do we write the user, Brandon enters 'Choucair2021*' into where do we write the password, Brandon clicks on button to confirm the login]]
[Test worker] WARN net.thucydides.core.steps.BaseStepListener - stepFinished: current outcome:Search for a automation course:Given than brandon wants to learn automation at the Academy Choucair
| strUser | strPassword |
| 1020833396 | Choucair2021* | [Brandon open up [Brandon opens the Choucair academy page], Brandon login [Brandon clicks on button that show us the form to login, Brandon enters '1020833396' into where do we write the user, Brandon enters 'Choucair2021*' into where do we write the password, Brandon clicks on button to confirm the login]]
[Test worker] WARN net.thucydides.core.steps.BaseStepListener - stepFinished: current outcome:Search for a automation course:Given than brandon wants to learn automation at the Academy Choucair
| strUser | strPassword |
| 1020833396 | Choucair2021* | [Brandon open up [Brandon opens the Choucair academy page], Brandon login [Brandon clicks on button that show us the form to login, Brandon enters '1020833396' into where do we write the user, Brandon enters 'Choucair2021*' into where do we write the password, Brandon clicks on button to confirm the login]]
[Test worker] WARN net.thucydides.core.steps.BaseStepListener - stepStarted: net.thucydides.core.steps.ExecutedStepDescription@696a11f5
[Test worker] WARN net.thucydides.core.steps.BaseStepListener - stepStarted: net.thucydides.core.steps.ExecutedStepDescription@22a03441
[Test worker] WARN net.thucydides.core.steps.BaseStepListener - stepStarted: net.thucydides.core.steps.ExecutedStepDescription@47bc6e72
[Test worker] WARN net.thucydides.core.steps.BaseStepListener - stepFinished: current outcome:Search for a automation course:Given than brandon wants to learn automation at the Academy Choucair
| strUser | strPassword |
| 1020833396 | Choucair2021* | [Brandon open up [Brandon opens the Choucair academy page], Brandon login [Brandon clicks on button that show us the form to login, Brandon enters '1020833396' into where do we write the user, Brandon enters 'Choucair2021*' into where do we write the password, Brandon clicks on button to confirm the login]], When he search for the course on the Choucair academy platform
| strCourse |
| Metodología Bancolombia | [Brandon search [Brandon clicks on Selecciona la universidad Choucair]]
[Test worker] WARN net.thucydides.core.steps.BaseStepListener - stepStarted: net.thucydides.core.steps.ExecutedStepDescription@6c1f4519
[Test worker] WARN net.thucydides.core.steps.BaseStepListener - stepFinished: current outcome:Search for a automation course:Given than brandon wants to learn automation at the Academy Choucair
| strUser | strPassword |
| 1020833396 | Choucair2021* | [Brandon open up [Brandon opens the Choucair academy page], Brandon login [Brandon clicks on button that show us the form to login, Brandon enters '1020833396' into where do we write the user, Brandon enters 'Choucair2021*' into where do we write the password, Brandon clicks on button to confirm the login]], When he search for the course on the Choucair academy platform
| strCourse |
| Metodología Bancolombia | [Brandon search [Brandon clicks on Selecciona la universidad Choucair, Brandon enters 'Metodología Bancolombia' into Buscar el curso]]
[Test worker] WARN net.thucydides.core.steps.BaseStepListener - stepStarted: net.thucydides.core.steps.ExecutedStepDescription@5188dbee
[Test worker] WARN net.thucydides.core.steps.BaseStepListener - stepFinished: current outcome:Search for a automation course:Given than brandon wants to learn automation at the Academy Choucair
| strUser | strPassword |
| 1020833396 | Choucair2021* | [Brandon open up [Brandon opens the Choucair academy page], Brandon login [Brandon clicks on button that show us the form to login, Brandon enters '1020833396' into where do we write the user, Brandon enters 'Choucair2021*' into where do we write the password, Brandon clicks on button to confirm the login]], When he search for the course on the Choucair academy platform
| strCourse |
| Metodología Bancolombia | [Brandon search [Brandon clicks on Selecciona la universidad Choucair, Brandon enters 'Metodología Bancolombia' into Buscar el curso, Brandon clicks on Click para buscar el curso]]
[Test worker] WARN net.thucydides.core.steps.BaseStepListener - stepStarted: net.thucydides.core.steps.ExecutedStepDescription@5624aef4
[Test worker] WARN net.thucydides.core.steps.BaseStepListener - stepFinished: current outcome:Search for a automation course:Given than brandon wants to learn automation at the Academy Choucair
| strUser | strPassword |
| 1020833396 | Choucair2021* | [Brandon open up [Brandon opens the Choucair academy page], Brandon login [Brandon clicks on button that show us the form to login, Brandon enters '1020833396' into where do we write the user, Brandon enters 'Choucair2021*' into where do we write the password, Brandon clicks on button to confirm the login]], When he search for the course on the Choucair academy platform
| strCourse |
| Metodología Bancolombia | [Brandon search [Brandon clicks on Selecciona la universidad Choucair, Brandon enters 'Metodología Bancolombia' into Buscar el curso, Brandon clicks on Click para buscar el curso, Brandon clicks on Selecciona el curso]]
[Test worker] WARN net.thucydides.core.steps.BaseStepListener - stepFinished: current outcome:Search for a automation course:Given than brandon wants to learn automation at the Academy Choucair
| strUser | strPassword |
| 1020833396 | Choucair2021* | [Brandon open up [Brandon opens the Choucair academy page], Brandon login [Brandon clicks on button that show us the form to login, Brandon enters '1020833396' into where do we write the user, Brandon enters 'Choucair2021*' into where do we write the password, Brandon clicks on button to confirm the login]], When he search for the course on the Choucair academy platform
| strCourse |
| Metodología Bancolombia | [Brandon search [Brandon clicks on Selecciona la universidad Choucair, Brandon enters 'Metodología Bancolombia' into Buscar el curso, Brandon clicks on Click para buscar el curso, Brandon clicks on Selecciona el curso]]
[Test worker] WARN net.thucydides.core.steps.BaseStepListener - stepFinished: current outcome:Search for a automation course:Given than brandon wants to learn automation at the Academy Choucair
| strUser | strPassword |
| 1020833396 | Choucair2021* | [Brandon open up [Brandon opens the Choucair academy page], Brandon login [Brandon clicks on button that show us the form to login, Brandon enters '1020833396' into where do we write the user, Brandon enters 'Choucair2021*' into where do we write the password, Brandon clicks on button to confirm the login]], When he search for the course on the Choucair academy platform
| strCourse |
| Metodología Bancolombia | [Brandon search [Brandon clicks on Selecciona la universidad Choucair, Brandon enters 'Metodología Bancolombia' into Buscar el curso, Brandon clicks on Click para buscar el curso, Brandon clicks on Selecciona el curso]]
[Test worker] WARN net.thucydides.core.steps.BaseStepListener - stepStarted: net.thucydides.core.steps.ExecutedStepDescription@9b937c6
[Test worker] WARN net.thucydides.core.steps.BaseStepListener - stepStarted: net.thucydides.core.steps.ExecutedStepDescription@299c8a3
[Test worker] WARN net.thucydides.core.steps.BaseStepListener - stepFinished: current outcome:Search for a automation course:Given than brandon wants to learn automation at the Academy Choucair
| strUser | strPassword |
| 1020833396 | Choucair2021* | [Brandon open up [Brandon opens the Choucair academy page], Brandon login [Brandon clicks on button that show us the form to login, Brandon enters '1020833396' into where do we write the user, Brandon enters 'Choucair2021*' into where do we write the password, Brandon clicks on button to confirm the login]], When he search for the course on the Choucair academy platform
| strCourse |
| Metodología Bancolombia | [Brandon search [Brandon clicks on Selecciona la universidad Choucair, Brandon enters 'Metodología Bancolombia' into Buscar el curso, Brandon clicks on Click para buscar el curso, Brandon clicks on Selecciona el curso]], Then he finds the course called resources
| strCourse |
| Metodología Bancolombia | [Then answer]
[Test worker] WARN net.thucydides.core.steps.BaseStepListener - stepFinished: current outcome:Search for a automation course:Given than brandon wants to learn automation at the Academy Choucair
| strUser | strPassword |
| 1020833396 | Choucair2021* | [Brandon open up [Brandon opens the Choucair academy page], Brandon login [Brandon clicks on button that show us the form to login, Brandon enters '1020833396' into where do we write the user, Brandon enters 'Choucair2021*' into where do we write the password, Brandon clicks on button to confirm the login]], When he search for the course on the Choucair academy platform
| strCourse |
| Metodología Bancolombia | [Brandon search [Brandon clicks on Selecciona la universidad Choucair, Brandon enters 'Metodología Bancolombia' into Buscar el curso, Brandon clicks on Click para buscar el curso, Brandon clicks on Selecciona el curso]], Then he finds the course called resources
| strCourse |
| Metodología Bancolombia | [Then answer]
[Test worker] WARN net.thucydides.core.steps.BaseStepListener - testFinished: Search for a automation course:Given than brandon wants to learn automation at the Academy Choucair
| strUser | strPassword |
| 1020833396 | Choucair2021* | [Brandon open up [Brandon opens the Choucair academy page], Brandon login [Brandon clicks on button that show us the form to login, Brandon enters '1020833396' into where do we write the user, Brandon enters 'Choucair2021*' into where do we write the password, Brandon clicks on button to confirm the login]], When he search for the course on the Choucair academy platform
| strCourse |
| Metodología Bancolombia | [Brandon search [Brandon clicks on Selecciona la universidad Choucair, Brandon enters 'Metodología Bancolombia' into Buscar el curso, Brandon clicks on Click para buscar el curso, Brandon clicks on Selecciona el curso]], Then he finds the course called resources
| strCourse |
| Metodología Bancolombia | [Then answer]
[Test worker] WARN net.thucydides.core.steps.BaseStepListener - TestOutcomes: [Search for a automation course:Given than brandon wants to learn automation at the Academy Choucair
| strUser | strPassword |
| 1020833396 | Choucair2021* | [Brandon open up [Brandon opens the Choucair academy page], Brandon login [Brandon clicks on button that show us the form to login, Brandon enters '1020833396' into where do we write the user, Brandon enters 'Choucair2021*' into where do we write the password, Brandon clicks on button to confirm the login]], When he search for the course on the Choucair academy platform
| strCourse |
| Metodología Bancolombia | [Brandon search [Brandon clicks on Selecciona la universidad Choucair, Brandon enters 'Metodología Bancolombia' into Buscar el curso, Brandon clicks on Click para buscar el curso, Brandon clicks on Selecciona el curso]], Then he finds the course called resources
| strCourse |
| Metodología Bancolombia | [Then answer]]
[Test worker] WARN net.thucydides.core.steps.BaseStepListener - Final testOutcomes: [Search for a automation course:Given than brandon wants to learn automation at the Academy Choucair
| strUser | strPassword |
| 1020833396 | Choucair2021* | [Brandon open up [Brandon opens the Choucair academy page], Brandon login [Brandon clicks on button that show us the form to login, Brandon enters '1020833396' into where do we write the user, Brandon enters 'Choucair2021*' into where do we write the password, Brandon clicks on button to confirm the login]], When he search for the course on the Choucair academy platform
| strCourse |
| Metodología Bancolombia | [Brandon search [Brandon clicks on Selecciona la universidad Choucair, Brandon enters 'Metodología Bancolombia' into Buscar el curso, Brandon clicks on Click para buscar el curso, Brandon clicks on Selecciona el curso]], Then he finds the course called resources
| strCourse |
| Metodología Bancolombia | [Then answer]]
[Test worker] INFO net.thucydides.core.steps.ConsoleLoggingListener - 
        __    _____ _____ ____ _____   ____   _    ____  ____  _____ ____  
  _     \ \  |_   _| ____/ ___|_   _| |  _ \ / \  / ___|/ ___|| ____|  _ \ 
 (_)_____| |   | | |  _| \___ \ | |   | |_) / _ \ \___ \\___ \|  _| | | | |
  _|_____| |   | | | |___ ___) || |   |  __/ ___ \ ___) |___) | |___| |_| |
 (_)     | |   |_| |_____|____/ |_|   |_| /_/   \_\____/|____/|_____|____/ 
        /_/                                                                

TEST PASSED: Search for a automation course
----------------------------------------------------------------------------
]]></system-err>
</testsuite>
